*** Now run 'make gdb'.
***
WARNING: Image format was not specified for 'obj/kern/kernel.img' and probing guessed raw.
         Automatically detecting the format is dangerous for raw images, write operations on block 0 will be restricted.
         Specify the 'raw' format explicitly to remove the restrictions.
6828 decimal is 15254 octal!
entering test_backtrace 5
entering test_backtrace 4
entering test_backtrace 3
entering test_backtrace 2
entering test_backtrace 1
entering test_backtrace 0
Stack backtrace:
ebp f0115f18  eip f010007b  args 00000000 00000000 00000000 00000000 f0102abb
       kern/init.c:18: test_backtrace+60
ebp f0115f38  eip f0100068  args 00000000 00000001 f0115f78 00000000 f0102abb
       kern/init.c:16: test_backtrace+41
ebp f0115f58  eip f0100068  args 00000001 00000002 f0115f98 00000000 f0102abb
       kern/init.c:16: test_backtrace+41
ebp f0115f78  eip f0100068  args 00000002 00000003 f0115fb8 00000000 f0102abb
       kern/init.c:16: test_backtrace+41
ebp f0115f98  eip f0100068  args 00000003 00000004 00000000 00000000 00000000
       kern/init.c:16: test_backtrace+41
ebp f0115fb8  eip f0100068  args 00000004 00000005 00000000 00010094 00010094
       kern/init.c:16: test_backtrace+41
ebp f0115fd8  eip f01000d4  args 00000005 00001aac 00000690 00000000 00000000
       kern/init.c:39: i386_init+64
ebp f0115ff8  eip f010003e  args 00117021 00000000 00000000 00000000 00000000
       kern/entry.S:83: <unknown>+-267386818
ebp 0  eip f000ff53  args f000e2c3 f000ff53 f000ff53 f000ff53 f000ff53
       <unknown>:0: <unknown>+0
leaving test_backtrace 0
leaving test_backtrace 1
leaving test_backtrace 2
leaving test_backtrace 3
leaving test_backtrace 4
leaving test_backtrace 5
Welcome to the JOS kernel monitor!
Type 'help' for a list of commands.
x=3 y=-267297256
Physical memory: 131072K available, base = 640K, extended = 130432K
check_page_free_list() succeeded!
check_page_alloc() succeeded!
at this step,
check_page() succeeded!
check_kern_pgdir() succeeded!
check_page_free_list() succeeded!
check_page_installed_pgdir() succeeded!
qemu: terminating on signal 15 from pid 13035
